0 info it worked if it ends with ok
1 verbose cli [ '/Users/hamid.aghdaee/.nvm/versions/node/v7.5.0/bin/node',
1 verbose cli   '/Users/hamid.aghdaee/.nvm/versions/node/v7.5.0/bin/npm',
1 verbose cli   'run',
1 verbose cli   'start' ]
2 info using npm@4.1.2
3 info using node@v7.5.0
4 verbose run-script [ 'prestart', 'start', 'poststart' ]
5 info lifecycle node-with-babel@1.0.0~prestart: node-with-babel@1.0.0
6 verbose lifecycle node-with-babel@1.0.0~prestart: unsafe-perm in lifecycle true
7 verbose lifecycle node-with-babel@1.0.0~prestart: PATH: /Users/hamid.aghdaee/.nvm/versions/node/v7.5.0/lib/node_modules/npm/bin/node-gyp-bin:/Users/hamid.aghdaee/dev/node-with-babel/node_modules/.bin:/Users/hamid.aghdaee/.nvm/versions/node/v7.5.0/bin:/usr/local/bin:/usr/bin:/bin:/usr/sbin:/sbin:/Users/hamid.aghdaee/Applications
8 verbose lifecycle node-with-babel@1.0.0~prestart: CWD: /Users/hamid.aghdaee/dev/node-with-babel
9 silly lifecycle node-with-babel@1.0.0~prestart: Args: [ '-c', 'babel src --out-dir dist' ]
10 silly lifecycle node-with-babel@1.0.0~prestart: Returned: code: 0  signal: null
11 info lifecycle node-with-babel@1.0.0~start: node-with-babel@1.0.0
12 verbose lifecycle node-with-babel@1.0.0~start: unsafe-perm in lifecycle true
13 verbose lifecycle node-with-babel@1.0.0~start: PATH: /Users/hamid.aghdaee/.nvm/versions/node/v7.5.0/lib/node_modules/npm/bin/node-gyp-bin:/Users/hamid.aghdaee/dev/node-with-babel/node_modules/.bin:/Users/hamid.aghdaee/.nvm/versions/node/v7.5.0/bin:/usr/local/bin:/usr/bin:/bin:/usr/sbin:/sbin:/Users/hamid.aghdaee/Applications
14 verbose lifecycle node-with-babel@1.0.0~start: CWD: /Users/hamid.aghdaee/dev/node-with-babel
15 silly lifecycle node-with-babel@1.0.0~start: Args: [ '-c', 'npm run build && node dist/index.js' ]
16 silly lifecycle node-with-babel@1.0.0~start: Returned: code: 1  signal: null
17 info lifecycle node-with-babel@1.0.0~start: Failed to exec start script
18 verbose stack Error: node-with-babel@1.0.0 start: `npm run build && node dist/index.js`
18 verbose stack Exit status 1
18 verbose stack     at EventEmitter.<anonymous> (/Users/hamid.aghdaee/.nvm/versions/node/v7.5.0/lib/node_modules/npm/lib/utils/lifecycle.js:279:16)
18 verbose stack     at emitTwo (events.js:106:13)
18 verbose stack     at EventEmitter.emit (events.js:192:7)
18 verbose stack     at ChildProcess.<anonymous> (/Users/hamid.aghdaee/.nvm/versions/node/v7.5.0/lib/node_modules/npm/lib/utils/spawn.js:40:14)
18 verbose stack     at emitTwo (events.js:106:13)
18 verbose stack     at ChildProcess.emit (events.js:192:7)
18 verbose stack     at maybeClose (internal/child_process.js:890:16)
18 verbose stack     at Process.ChildProcess._handle.onexit (internal/child_process.js:226:5)
19 verbose pkgid node-with-babel@1.0.0
20 verbose cwd /Users/hamid.aghdaee/dev/node-with-babel
21 error Darwin 15.6.0
22 error argv "/Users/hamid.aghdaee/.nvm/versions/node/v7.5.0/bin/node" "/Users/hamid.aghdaee/.nvm/versions/node/v7.5.0/bin/npm" "run" "start"
23 error node v7.5.0
24 error npm  v4.1.2
25 error code ELIFECYCLE
26 error node-with-babel@1.0.0 start: `npm run build && node dist/index.js`
26 error Exit status 1
27 error Failed at the node-with-babel@1.0.0 start script 'npm run build && node dist/index.js'.
27 error Make sure you have the latest version of node.js and npm installed.
27 error If you do, this is most likely a problem with the node-with-babel package,
27 error not with npm itself.
27 error Tell the author that this fails on your system:
27 error     npm run build && node dist/index.js
27 error You can get information on how to open an issue for this project with:
27 error     npm bugs node-with-babel
27 error Or if that isn't available, you can get their info via:
27 error     npm owner ls node-with-babel
27 error There is likely additional logging output above.
28 verbose exit [ 1, true ]
